[2025-10-17 05:17:48] local.INFO: Notifikasi 'SubscriptionEndingSoon' telah dibuat untuk user ID: 4  
[2025-10-17 05:17:51] local.INFO: Pesan WhatsApp berhasil dikirim ke 6287857580910. {"response":"{\"status\":200,\"message\":\"WhatsApp chat has been queued for sending!\",\"data\":{\"messageId\":\"47115\"}}"} 
[2025-10-17 05:20:45] local.ERROR: Unclosed '(' {"view":{"view":"/home/shn/workspace/hideiyh-new/vendor/filament/filament/resources/views/components/page/index.blade.php","data":[]},"userId":1,"exception":"[object] (Spatie\\LaravelIgnition\\Exceptions\\ViewException(code: 0): Unclosed '(' at /home/shn/workspace/hideiyh-new/vendor/filament/filament/resources/views/components/page/index.blade.php:124)
[stacktrace]
#0 /home/shn/workspace/hideiyh-new/vendor/livewire/livewire/src/Mechanisms/ExtendBlade/ExtendedCompilerEngine.php(37): include('...')
#1 /home/shn/workspace/hideiyh-new/vendor/livewire/livewire/src/Mechanisms/ExtendBlade/ExtendedCompilerEngine.php(38): App\\Filament\\Resources\\SubscriptionResource\\Pages\\ListSubscriptions->Livewire\\Mechanisms\\ExtendBlade\\{closure}()
#2 /home/shn/workspace/hideiyh-new/vendor/laravel/framework/src/Illuminate/View/Engines/CompilerEngine.php(72): Livewire\\Mechanisms\\ExtendBlade\\ExtendedCompilerEngine->evaluatePath()
#3 /home/shn/workspace/hideiyh-new/vendor/livewire/livewire/src/Mechanisms/ExtendBlade/ExtendedCompilerEngine.php(16): Illuminate\\View\\Engines\\CompilerEngine->get()
#4 /home/shn/workspace/hideiyh-new/vendor/laravel/framework/src/Illuminate/View/View.php(207): Livewire\\Mechanisms\\ExtendBlade\\ExtendedCompilerEngine->get()
#5 /home/shn/workspace/hideiyh-new/vendor/laravel/framework/src/Illuminate/View/View.php(190): Illuminate\\View\\View->getContents()
#6 /home/shn/workspace/hideiyh-new/vendor/laravel/framework/src/Illuminate/View/View.php(159): Illuminate\\View\\View->renderContents()
#7 /home/shn/workspace/hideiyh-new/vendor/livewire/livewire/src/Mechanisms/HandleComponents/HandleComponents.php(259): Illuminate\\View\\View->render()
#8 /home/shn/workspace/hideiyh-new/vendor/livewire/livewire/src/Mechanisms/HandleComponents/HandleComponents.php(303): Livewire\\Mechanisms\\HandleComponents\\HandleComponents->Livewire\\Mechanisms\\HandleComponents\\{closure}()
#9 /home/shn/workspace/hideiyh-new/vendor/livewire/livewire/src/Mechanisms/HandleComponents/HandleComponents.php(251): Livewire\\Mechanisms\\HandleComponents\\HandleComponents->trackInRenderStack()
#10 /home/shn/workspace/hideiyh-new/vendor/livewire/livewire/src/Mechanisms/HandleComponents/HandleComponents.php(54): Livewire\\Mechanisms\\HandleComponents\\HandleComponents->render()
#11 /home/shn/workspace/hideiyh-new/vendor/livewire/livewire/src/LivewireManager.php(73): Livewire\\Mechanisms\\HandleComponents\\HandleComponents->mount()
#12 /home/shn/workspace/hideiyh-new/vendor/livewire/livewire/src/Features/SupportPageComponents/HandlesPageComponents.php(17): Livewire\\LivewireManager->mount()
#13 /home/shn/workspace/hideiyh-new/vendor/livewire/livewire/src/Features/SupportPageComponents/SupportPageComponents.php(117): Livewire\\Component->Livewire\\Features\\SupportPageComponents\\{closure}()
#14 /home/shn/workspace/hideiyh-new/vendor/livewire/livewire/src/Features/SupportPageComponents/HandlesPageComponents.php(14): Livewire\\Features\\SupportPageComponents\\SupportPageComponents::interceptTheRenderOfTheComponentAndRetreiveTheLayoutConfiguration()
#15 /home/shn/workspace/hideiyh-new/vendor/laravel/framework/src/Illuminate/Routing/ControllerDispatcher.php(46): Livewire\\Component->__invoke()
#16 /home/shn/workspace/hideiyh-new/vendor/laravel/framework/src/Illuminate/Routing/Route.php(259): Illuminate\\Routing\\ControllerDispatcher->dispatch()
#17 /home/shn/workspace/hideiyh-new/vendor/laravel/framework/src/Illuminate/Routing/Route.php(205): Illuminate\\Routing\\Route->runController()
#18 /home/shn/workspace/hideiyh-new/vendor/laravel/framework/src/Illuminate/Routing/Router.php(806): Illuminate\\Routing\\Route->run()
#19 /home/shn/workspace/hideiyh-new/vendor/laravel/framework/src/Illuminate/Pipeline/Pipeline.php(144): Illuminate\\Routing\\Router->Illuminate\\Routing\\{closure}()
#20 /home/shn/workspace/hideiyh-new/vendor/filament/filament/src/Http/Middleware/DispatchServingFilamentEvent.php(15): Illuminate\\Pipeline\\Pipeline->Illuminate\\Pipeline\\{closure}()
#21 /home/shn/workspace/hideiyh-new/vendor/laravel/framework/src/Illuminate/Pipeline/Pipeline.php(183): Filament\\Http\\Middleware\\DispatchServingFilamentEvent->handle()
#22 /home/shn/workspace/hideiyh-new/vendor/filament/filament/src/Http/Middleware/DisableBladeIconComponents.php(14): Illuminate\\Pipeline\\Pipeline->Illuminate\\Pipeline\\{closure}()
#23 /home/shn/workspace/hideiyh-new/vendor/laravel/framework/src/Illuminate/Pipeline/Pipeline.php(183): Filament\\Http\\Middleware\\DisableBladeIconComponents->handle()
#24 /home/shn/workspace/hideiyh-new/vendor/laravel/framework/src/Illuminate/Routing/Middleware/SubstituteBindings.php(50): Illuminate\\Pipeline\\Pipeline->Illuminate\\Pipeline\\{closure}()
#25 /home/shn/workspace/hideiyh-new/vendor/laravel/framework/src/Illuminate/Pipeline/Pipeline.php(183): Illuminate\\Routing\\Middleware\\SubstituteBindings->handle()
#26 /home/shn/workspace/hideiyh-new/vendor/laravel/framework/src/Illuminate/Foundation/Http/Middleware/VerifyCsrfToken.php(78): Illuminate\\Pipeline\\Pipeline->Illuminate\\Pipeline\\{closure}()
#27 /home/shn/workspace/hideiyh-new/vendor/laravel/framework/src/Illuminate/Pipeline/Pipeline.php(183): Illuminate\\Foundation\\Http\\Middleware\\VerifyCsrfToken->handle()
#28 /home/shn/workspace/hideiyh-new/vendor/laravel/framework/src/Illuminate/Session/Middleware/AuthenticateSession.php(60): Illuminate\\Pipeline\\Pipeline->Illuminate\\Pipeline\\{closure}()
#29 /home/shn/workspace/hideiyh-new/vendor/laravel/framework/src/Illuminate/Pipeline/Pipeline.php(183): Illuminate\\Session\\Middleware\\AuthenticateSession->handle()
#30 /home/shn/workspace/hideiyh-new/vendor/laravel/framework/src/Illuminate/Auth/Middleware/Authenticate.php(57): Illuminate\\Pipeline\\Pipeline->Illuminate\\Pipeline\\{closure}()
#31 /home/shn/workspace/hideiyh-new/vendor/laravel/framework/src/Illuminate/Pipeline/Pipeline.php(183): Illuminate\\Auth\\Middleware\\Authenticate->handle()
#32 /home/shn/workspace/hideiyh-new/vendor/laravel/framework/src/Illuminate/View/Middleware/ShareErrorsFromSession.php(49): Illuminate\\Pipeline\\Pipeline->Illuminate\\Pipeline\\{closure}()
#33 /home/shn/workspace/hideiyh-new/vendor/laravel/framework/src/Illuminate/Pipeline/Pipeline.php(183): Illuminate\\View\\Middleware\\ShareErrorsFromSession->handle()
#34 /home/shn/workspace/hideiyh-new/vendor/laravel/framework/src/Illuminate/Session/Middleware/StartSession.php(121): Illuminate\\Pipeline\\Pipeline->Illuminate\\Pipeline\\{closure}()
#35 /home/shn/workspace/hideiyh-new/vendor/laravel/framework/src/Illuminate/Session/Middleware/StartSession.php(64): Illuminate\\Session\\Middleware\\StartSession->handleStatefulRequest()
#36 /home/shn/workspace/hideiyh-new/vendor/laravel/framework/src/Illuminate/Pipeline/Pipeline.php(183): Illuminate\\Session\\Middleware\\StartSession->handle()
#37 /home/shn/workspace/hideiyh-new/vendor/laravel/framework/src/Illuminate/Cookie/Middleware/AddQueuedCookiesToResponse.php(37): Illuminate\\Pipeline\\Pipeline->Illuminate\\Pipeline\\{closure}()
#38 /home/shn/workspace/hideiyh-new/vendor/laravel/framework/src/Illuminate/Pipeline/Pipeline.php(183): Illuminate\\Cookie\\Middleware\\AddQueuedCookiesToResponse->handle()
#39 /home/shn/workspace/hideiyh-new/vendor/laravel/framework/src/Illuminate/Cookie/Middleware/EncryptCookies.php(67): Illuminate\\Pipeline\\Pipeline->Illuminate\\Pipeline\\{closure}()
#40 /home/shn/workspace/hideiyh-new/vendor/laravel/framework/src/Illuminate/Pipeline/Pipeline.php(183): Illuminate\\Cookie\\Middleware\\EncryptCookies->handle()
#41 /home/shn/workspace/hideiyh-new/vendor/filament/filament/src/Http/Middleware/SetUpPanel.php(19): Illuminate\\Pipeline\\Pipeline->Illuminate\\Pipeline\\{closure}()
#42 /home/shn/workspace/hideiyh-new/vendor/laravel/framework/src/Illuminate/Pipeline/Pipeline.php(183): Filament\\Http\\Middleware\\SetUpPanel->handle()
#43 /home/shn/workspace/hideiyh-new/vendor/laravel/framework/src/Illuminate/Pipeline/Pipeline.php(119): Illuminate\\Pipeline\\Pipeline->Illuminate\\Pipeline\\{closure}()
#44 /home/shn/workspace/hideiyh-new/vendor/laravel/framework/src/Illuminate/Routing/Router.php(805): Illuminate\\Pipeline\\Pipeline->then()
#45 /home/shn/workspace/hideiyh-new/vendor/laravel/framework/src/Illuminate/Routing/Router.php(784): Illuminate\\Routing\\Router->runRouteWithinStack()
#46 /home/shn/workspace/hideiyh-new/vendor/laravel/framework/src/Illuminate/Routing/Router.php(748): Illuminate\\Routing\\Router->runRoute()
#47 /home/shn/workspace/hideiyh-new/vendor/laravel/framework/src/Illuminate/Routing/Router.php(737): Illuminate\\Routing\\Router->dispatchToRoute()
#48 /home/shn/workspace/hideiyh-new/vendor/laravel/framework/src/Illuminate/Foundation/Http/Kernel.php(200): Illuminate\\Routing\\Router->dispatch()
#49 /home/shn/workspace/hideiyh-new/vendor/laravel/framework/src/Illuminate/Pipeline/Pipeline.php(144): Illuminate\\Foundation\\Http\\Kernel->Illuminate\\Foundation\\Http\\{closure}()
#50 /home/shn/workspace/hideiyh-new/vendor/livewire/livewire/src/Features/SupportDisablingBackButtonCache/DisableBackButtonCacheMiddleware.php(19): Illuminate\\Pipeline\\Pipeline->Illuminate\\Pipeline\\{closure}()
#51 /home/shn/workspace/hideiyh-new/vendor/laravel/framework/src/Illuminate/Pipeline/Pipeline.php(183): Livewire\\Features\\SupportDisablingBackButtonCache\\DisableBackButtonCacheMiddleware->handle()
#52 /home/shn/workspace/hideiyh-new/vendor/laravel/framework/src/Illuminate/Foundation/Http/Middleware/TransformsRequest.php(21): Illuminate\\Pipeline\\Pipeline->Illuminate\\Pipeline\\{closure}()
#53 /home/shn/workspace/hideiyh-new/vendor/laravel/framework/src/Illuminate/Foundation/Http/Middleware/ConvertEmptyStringsToNull.php(31): Illuminate\\Foundation\\Http\\Middleware\\TransformsRequest->handle()
#54 /home/shn/workspace/hideiyh-new/vendor/laravel/framework/src/Illuminate/Pipeline/Pipeline.php(183): Illuminate\\Foundation\\Http\\Middleware\\ConvertEmptyStringsToNull->handle()
#55 /home/shn/workspace/hideiyh-new/vendor/laravel/framework/src/Illuminate/Foundation/Http/Middleware/TransformsRequest.php(21): Illuminate\\Pipeline\\Pipeline->Illuminate\\Pipeline\\{closure}()
#56 /home/shn/workspace/hideiyh-new/vendor/laravel/framework/src/Illuminate/Foundation/Http/Middleware/TrimStrings.php(40): Illuminate\\Foundation\\Http\\Middleware\\TransformsRequest->handle()
#57 /home/shn/workspace/hideiyh-new/vendor/laravel/framework/src/Illuminate/Pipeline/Pipeline.php(183): Illuminate\\Foundation\\Http\\Middleware\\TrimStrings->handle()
#58 /home/shn/workspace/hideiyh-new/vendor/laravel/framework/src/Illuminate/Foundation/Http/Middleware/ValidatePostSize.php(27): Illuminate\\Pipeline\\Pipeline->Illuminate\\Pipeline\\{closure}()
#59 /home/shn/workspace/hideiyh-new/vendor/laravel/framework/src/Illuminate/Pipeline/Pipeline.php(183): Illuminate\\Foundation\\Http\\Middleware\\ValidatePostSize->handle()
#60 /home/shn/workspace/hideiyh-new/vendor/laravel/framework/src/Illuminate/Foundation/Http/Middleware/PreventRequestsDuringMaintenance.php(99): Illuminate\\Pipeline\\Pipeline->Illuminate\\Pipeline\\{closure}()
#61 /home/shn/workspace/hideiyh-new/vendor/laravel/framework/src/Illuminate/Pipeline/Pipeline.php(183): Illuminate\\Foundation\\Http\\Middleware\\PreventRequestsDuringMaintenance->handle()
#62 /home/shn/workspace/hideiyh-new/vendor/laravel/framework/src/Illuminate/Http/Middleware/HandleCors.php(49): Illuminate\\Pipeline\\Pipeline->Illuminate\\Pipeline\\{closure}()
#63 /home/shn/workspace/hideiyh-new/vendor/laravel/framework/src/Illuminate/Pipeline/Pipeline.php(183): Illuminate\\Http\\Middleware\\HandleCors->handle()
#64 /home/shn/workspace/hideiyh-new/vendor/laravel/framework/src/Illuminate/Http/Middleware/TrustProxies.php(39): Illuminate\\Pipeline\\Pipeline->Illuminate\\Pipeline\\{closure}()
#65 /home/shn/workspace/hideiyh-new/vendor/laravel/framework/src/Illuminate/Pipeline/Pipeline.php(183): Illuminate\\Http\\Middleware\\TrustProxies->handle()
#66 /home/shn/workspace/hideiyh-new/vendor/laravel/framework/src/Illuminate/Pipeline/Pipeline.php(119): Illuminate\\Pipeline\\Pipeline->Illuminate\\Pipeline\\{closure}()
#67 /home/shn/workspace/hideiyh-new/vendor/laravel/framework/src/Illuminate/Foundation/Http/Kernel.php(175): Illuminate\\Pipeline\\Pipeline->then()
#68 /home/shn/workspace/hideiyh-new/vendor/laravel/framework/src/Illuminate/Foundation/Http/Kernel.php(144): Illuminate\\Foundation\\Http\\Kernel->sendRequestThroughRouter()
#69 /home/shn/workspace/hideiyh-new/public/index.php(51): Illuminate\\Foundation\\Http\\Kernel->handle()
#70 /home/shn/workspace/hideiyh-new/vendor/laravel/framework/src/Illuminate/Foundation/resources/server.php(16): require_once('...')
#71 {main}

[previous exception] [object] (ParseError(code: 0): Unclosed '(' at /home/shn/workspace/hideiyh-new/storage/framework/views/478011dd5c06f82522d90a3ed856bc31.php:240)
[stacktrace]
#0 /home/shn/workspace/hideiyh-new/vendor/livewire/livewire/src/Mechanisms/ExtendBlade/ExtendedCompilerEngine.php(38): App\\Filament\\Resources\\SubscriptionResource\\Pages\\ListSubscriptions->Livewire\\Mechanisms\\ExtendBlade\\{closure}()
#1 /home/shn/workspace/hideiyh-new/vendor/laravel/framework/src/Illuminate/View/Engines/CompilerEngine.php(72): Livewire\\Mechanisms\\ExtendBlade\\ExtendedCompilerEngine->evaluatePath()
#2 /home/shn/workspace/hideiyh-new/vendor/livewire/livewire/src/Mechanisms/ExtendBlade/ExtendedCompilerEngine.php(16): Illuminate\\View\\Engines\\CompilerEngine->get()
#3 /home/shn/workspace/hideiyh-new/vendor/laravel/framework/src/Illuminate/View/View.php(207): Livewire\\Mechanisms\\ExtendBlade\\ExtendedCompilerEngine->get()
#4 /home/shn/workspace/hideiyh-new/vendor/laravel/framework/src/Illuminate/View/View.php(190): Illuminate\\View\\View->getContents()
#5 /home/shn/workspace/hideiyh-new/vendor/laravel/framework/src/Illuminate/View/View.php(159): Illuminate\\View\\View->renderContents()
#6 /home/shn/workspace/hideiyh-new/vendor/laravel/framework/src/Illuminate/View/Concerns/ManagesComponents.php(103): Illuminate\\View\\View->render()
#7 /home/shn/workspace/hideiyh-new/storage/framework/views/934bfc615c251a99c0c22bc4a54b09c6.php(48): Illuminate\\View\\Factory->renderComponent()
#8 /home/shn/workspace/hideiyh-new/vendor/livewire/livewire/src/Mechanisms/ExtendBlade/ExtendedCompilerEngine.php(37): include('...')
#9 /home/shn/workspace/hideiyh-new/vendor/livewire/livewire/src/Mechanisms/ExtendBlade/ExtendedCompilerEngine.php(38): App\\Filament\\Resources\\SubscriptionResource\\Pages\\ListSubscriptions->Livewire\\Mechanisms\\ExtendBlade\\{closure}()
#10 /home/shn/workspace/hideiyh-new/vendor/laravel/framework/src/Illuminate/View/Engines/CompilerEngine.php(72): Livewire\\Mechanisms\\ExtendBlade\\ExtendedCompilerEngine->evaluatePath()
#11 /home/shn/workspace/hideiyh-new/vendor/livewire/livewire/src/Mechanisms/ExtendBlade/ExtendedCompilerEngine.php(16): Illuminate\\View\\Engines\\CompilerEngine->get()
#12 /home/shn/workspace/hideiyh-new/vendor/laravel/framework/src/Illuminate/View/View.php(207): Livewire\\Mechanisms\\ExtendBlade\\ExtendedCompilerEngine->get()
#13 /home/shn/workspace/hideiyh-new/vendor/laravel/framework/src/Illuminate/View/View.php(190): Illuminate\\View\\View->getContents()
#14 /home/shn/workspace/hideiyh-new/vendor/laravel/framework/src/Illuminate/View/View.php(159): Illuminate\\View\\View->renderContents()
#15 /home/shn/workspace/hideiyh-new/vendor/livewire/livewire/src/Mechanisms/HandleComponents/HandleComponents.php(259): Illuminate\\View\\View->render()
#16 /home/shn/workspace/hideiyh-new/vendor/livewire/livewire/src/Mechanisms/HandleComponents/HandleComponents.php(303): Livewire\\Mechanisms\\HandleComponents\\HandleComponents->Livewire\\Mechanisms\\HandleComponents\\{closure}()
#17 /home/shn/workspace/hideiyh-new/vendor/livewire/livewire/src/Mechanisms/HandleComponents/HandleComponents.php(251): Livewire\\Mechanisms\\HandleComponents\\HandleComponents->trackInRenderStack()
#18 /home/shn/workspace/hideiyh-new/vendor/livewire/livewire/src/Mechanisms/HandleComponents/HandleComponents.php(54): Livewire\\Mechanisms\\HandleComponents\\HandleComponents->render()
#19 /home/shn/workspace/hideiyh-new/vendor/livewire/livewire/src/LivewireManager.php(73): Livewire\\Mechanisms\\HandleComponents\\HandleComponents->mount()
#20 /home/shn/workspace/hideiyh-new/vendor/livewire/livewire/src/Features/SupportPageComponents/HandlesPageComponents.php(17): Livewire\\LivewireManager->mount()
#21 /home/shn/workspace/hideiyh-new/vendor/livewire/livewire/src/Features/SupportPageComponents/SupportPageComponents.php(117): Livewire\\Component->Livewire\\Features\\SupportPageComponents\\{closure}()
#22 /home/shn/workspace/hideiyh-new/vendor/livewire/livewire/src/Features/SupportPageComponents/HandlesPageComponents.php(14): Livewire\\Features\\SupportPageComponents\\SupportPageComponents::interceptTheRenderOfTheComponentAndRetreiveTheLayoutConfiguration()
#23 /home/shn/workspace/hideiyh-new/vendor/laravel/framework/src/Illuminate/Routing/ControllerDispatcher.php(46): Livewire\\Component->__invoke()
#24 /home/shn/workspace/hideiyh-new/vendor/laravel/framework/src/Illuminate/Routing/Route.php(259): Illuminate\\Routing\\ControllerDispatcher->dispatch()
#25 /home/shn/workspace/hideiyh-new/vendor/laravel/framework/src/Illuminate/Routing/Route.php(205): Illuminate\\Routing\\Route->runController()
#26 /home/shn/workspace/hideiyh-new/vendor/laravel/framework/src/Illuminate/Routing/Router.php(806): Illuminate\\Routing\\Route->run()
#27 /home/shn/workspace/hideiyh-new/vendor/laravel/framework/src/Illuminate/Pipeline/Pipeline.php(144): Illuminate\\Routing\\Router->Illuminate\\Routing\\{closure}()
#28 /home/shn/workspace/hideiyh-new/vendor/filament/filament/src/Http/Middleware/DispatchServingFilamentEvent.php(15): Illuminate\\Pipeline\\Pipeline->Illuminate\\Pipeline\\{closure}()
#29 /home/shn/workspace/hideiyh-new/vendor/laravel/framework/src/Illuminate/Pipeline/Pipeline.php(183): Filament\\Http\\Middleware\\DispatchServingFilamentEvent->handle()
#30 /home/shn/workspace/hideiyh-new/vendor/filament/filament/src/Http/Middleware/DisableBladeIconComponents.php(14): Illuminate\\Pipeline\\Pipeline->Illuminate\\Pipeline\\{closure}()
#31 /home/shn/workspace/hideiyh-new/vendor/laravel/framework/src/Illuminate/Pipeline/Pipeline.php(183): Filament\\Http\\Middleware\\DisableBladeIconComponents->handle()
#32 /home/shn/workspace/hideiyh-new/vendor/laravel/framework/src/Illuminate/Routing/Middleware/SubstituteBindings.php(50): Illuminate\\Pipeline\\Pipeline->Illuminate\\Pipeline\\{closure}()
#33 /home/shn/workspace/hideiyh-new/vendor/laravel/framework/src/Illuminate/Pipeline/Pipeline.php(183): Illuminate\\Routing\\Middleware\\SubstituteBindings->handle()
#34 /home/shn/workspace/hideiyh-new/vendor/laravel/framework/src/Illuminate/Foundation/Http/Middleware/VerifyCsrfToken.php(78): Illuminate\\Pipeline\\Pipeline->Illuminate\\Pipeline\\{closure}()
#35 /home/shn/workspace/hideiyh-new/vendor/laravel/framework/src/Illuminate/Pipeline/Pipeline.php(183): Illuminate\\Foundation\\Http\\Middleware\\VerifyCsrfToken->handle()
#36 /home/shn/workspace/hideiyh-new/vendor/laravel/framework/src/Illuminate/Session/Middleware/AuthenticateSession.php(60): Illuminate\\Pipeline\\Pipeline->Illuminate\\Pipeline\\{closure}()
#37 /home/shn/workspace/hideiyh-new/vendor/laravel/framework/src/Illuminate/Pipeline/Pipeline.php(183): Illuminate\\Session\\Middleware\\AuthenticateSession->handle()
#38 /home/shn/workspace/hideiyh-new/vendor/laravel/framework/src/Illuminate/Auth/Middleware/Authenticate.php(57): Illuminate\\Pipeline\\Pipeline->Illuminate\\Pipeline\\{closure}()
#39 /home/shn/workspace/hideiyh-new/vendor/laravel/framework/src/Illuminate/Pipeline/Pipeline.php(183): Illuminate\\Auth\\Middleware\\Authenticate->handle()
#40 /home/shn/workspace/hideiyh-new/vendor/laravel/framework/src/Illuminate/View/Middleware/ShareErrorsFromSession.php(49): Illuminate\\Pipeline\\Pipeline->Illuminate\\Pipeline\\{closure}()
#41 /home/shn/workspace/hideiyh-new/vendor/laravel/framework/src/Illuminate/Pipeline/Pipeline.php(183): Illuminate\\View\\Middleware\\ShareErrorsFromSession->handle()
#42 /home/shn/workspace/hideiyh-new/vendor/laravel/framework/src/Illuminate/Session/Middleware/StartSession.php(121): Illuminate\\Pipeline\\Pipeline->Illuminate\\Pipeline\\{closure}()
#43 /home/shn/workspace/hideiyh-new/vendor/laravel/framework/src/Illuminate/Session/Middleware/StartSession.php(64): Illuminate\\Session\\Middleware\\StartSession->handleStatefulRequest()
#44 /home/shn/workspace/hideiyh-new/vendor/laravel/framework/src/Illuminate/Pipeline/Pipeline.php(183): Illuminate\\Session\\Middleware\\StartSession->handle()
#45 /home/shn/workspace/hideiyh-new/vendor/laravel/framework/src/Illuminate/Cookie/Middleware/AddQueuedCookiesToResponse.php(37): Illuminate\\Pipeline\\Pipeline->Illuminate\\Pipeline\\{closure}()
#46 /home/shn/workspace/hideiyh-new/vendor/laravel/framework/src/Illuminate/Pipeline/Pipeline.php(183): Illuminate\\Cookie\\Middleware\\AddQueuedCookiesToResponse->handle()
#47 /home/shn/workspace/hideiyh-new/vendor/laravel/framework/src/Illuminate/Cookie/Middleware/EncryptCookies.php(67): Illuminate\\Pipeline\\Pipeline->Illuminate\\Pipeline\\{closure}()
#48 /home/shn/workspace/hideiyh-new/vendor/laravel/framework/src/Illuminate/Pipeline/Pipeline.php(183): Illuminate\\Cookie\\Middleware\\EncryptCookies->handle()
#49 /home/shn/workspace/hideiyh-new/vendor/filament/filament/src/Http/Middleware/SetUpPanel.php(19): Illuminate\\Pipeline\\Pipeline->Illuminate\\Pipeline\\{closure}()
#50 /home/shn/workspace/hideiyh-new/vendor/laravel/framework/src/Illuminate/Pipeline/Pipeline.php(183): Filament\\Http\\Middleware\\SetUpPanel->handle()
#51 /home/shn/workspace/hideiyh-new/vendor/laravel/framework/src/Illuminate/Pipeline/Pipeline.php(119): Illuminate\\Pipeline\\Pipeline->Illuminate\\Pipeline\\{closure}()
#52 /home/shn/workspace/hideiyh-new/vendor/laravel/framework/src/Illuminate/Routing/Router.php(805): Illuminate\\Pipeline\\Pipeline->then()
#53 /home/shn/workspace/hideiyh-new/vendor/laravel/framework/src/Illuminate/Routing/Router.php(784): Illuminate\\Routing\\Router->runRouteWithinStack()
#54 /home/shn/workspace/hideiyh-new/vendor/laravel/framework/src/Illuminate/Routing/Router.php(748): Illuminate\\Routing\\Router->runRoute()
#55 /home/shn/workspace/hideiyh-new/vendor/laravel/framework/src/Illuminate/Routing/Router.php(737): Illuminate\\Routing\\Router->dispatchToRoute()
#56 /home/shn/workspace/hideiyh-new/vendor/laravel/framework/src/Illuminate/Foundation/Http/Kernel.php(200): Illuminate\\Routing\\Router->dispatch()
#57 /home/shn/workspace/hideiyh-new/vendor/laravel/framework/src/Illuminate/Pipeline/Pipeline.php(144): Illuminate\\Foundation\\Http\\Kernel->Illuminate\\Foundation\\Http\\{closure}()
#58 /home/shn/workspace/hideiyh-new/vendor/livewire/livewire/src/Features/SupportDisablingBackButtonCache/DisableBackButtonCacheMiddleware.php(19): Illuminate\\Pipeline\\Pipeline->Illuminate\\Pipeline\\{closure}()
#59 /home/shn/workspace/hideiyh-new/vendor/laravel/framework/src/Illuminate/Pipeline/Pipeline.php(183): Livewire\\Features\\SupportDisablingBackButtonCache\\DisableBackButtonCacheMiddleware->handle()
#60 /home/shn/workspace/hideiyh-new/vendor/laravel/framework/src/Illuminate/Foundation/Http/Middleware/TransformsRequest.php(21): Illuminate\\Pipeline\\Pipeline->Illuminate\\Pipeline\\{closure}()
#61 /home/shn/workspace/hideiyh-new/vendor/laravel/framework/src/Illuminate/Foundation/Http/Middleware/ConvertEmptyStringsToNull.php(31): Illuminate\\Foundation\\Http\\Middleware\\TransformsRequest->handle()
#62 /home/shn/workspace/hideiyh-new/vendor/laravel/framework/src/Illuminate/Pipeline/Pipeline.php(183): Illuminate\\Foundation\\Http\\Middleware\\ConvertEmptyStringsToNull->handle()
#63 /home/shn/workspace/hideiyh-new/vendor/laravel/framework/src/Illuminate/Foundation/Http/Middleware/TransformsRequest.php(21): Illuminate\\Pipeline\\Pipeline->Illuminate\\Pipeline\\{closure}()
#64 /home/shn/workspace/hideiyh-new/vendor/laravel/framework/src/Illuminate/Foundation/Http/Middleware/TrimStrings.php(40): Illuminate\\Foundation\\Http\\Middleware\\TransformsRequest->handle()
#65 /home/shn/workspace/hideiyh-new/vendor/laravel/framework/src/Illuminate/Pipeline/Pipeline.php(183): Illuminate\\Foundation\\Http\\Middleware\\TrimStrings->handle()
#66 /home/shn/workspace/hideiyh-new/vendor/laravel/framework/src/Illuminate/Foundation/Http/Middleware/ValidatePostSize.php(27): Illuminate\\Pipeline\\Pipeline->Illuminate\\Pipeline\\{closure}()
#67 /home/shn/workspace/hideiyh-new/vendor/laravel/framework/src/Illuminate/Pipeline/Pipeline.php(183): Illuminate\\Foundation\\Http\\Middleware\\ValidatePostSize->handle()
#68 /home/shn/workspace/hideiyh-new/vendor/laravel/framework/src/Illuminate/Foundation/Http/Middleware/PreventRequestsDuringMaintenance.php(99): Illuminate\\Pipeline\\Pipeline->Illuminate\\Pipeline\\{closure}()
#69 /home/shn/workspace/hideiyh-new/vendor/laravel/framework/src/Illuminate/Pipeline/Pipeline.php(183): Illuminate\\Foundation\\Http\\Middleware\\PreventRequestsDuringMaintenance->handle()
#70 /home/shn/workspace/hideiyh-new/vendor/laravel/framework/src/Illuminate/Http/Middleware/HandleCors.php(49): Illuminate\\Pipeline\\Pipeline->Illuminate\\Pipeline\\{closure}()
#71 /home/shn/workspace/hideiyh-new/vendor/laravel/framework/src/Illuminate/Pipeline/Pipeline.php(183): Illuminate\\Http\\Middleware\\HandleCors->handle()
#72 /home/shn/workspace/hideiyh-new/vendor/laravel/framework/src/Illuminate/Http/Middleware/TrustProxies.php(39): Illuminate\\Pipeline\\Pipeline->Illuminate\\Pipeline\\{closure}()
#73 /home/shn/workspace/hideiyh-new/vendor/laravel/framework/src/Illuminate/Pipeline/Pipeline.php(183): Illuminate\\Http\\Middleware\\TrustProxies->handle()
#74 /home/shn/workspace/hideiyh-new/vendor/laravel/framework/src/Illuminate/Pipeline/Pipeline.php(119): Illuminate\\Pipeline\\Pipeline->Illuminate\\Pipeline\\{closure}()
#75 /home/shn/workspace/hideiyh-new/vendor/laravel/framework/src/Illuminate/Foundation/Http/Kernel.php(175): Illuminate\\Pipeline\\Pipeline->then()
#76 /home/shn/workspace/hideiyh-new/vendor/laravel/framework/src/Illuminate/Foundation/Http/Kernel.php(144): Illuminate\\Foundation\\Http\\Kernel->sendRequestThroughRouter()
#77 /home/shn/workspace/hideiyh-new/public/index.php(51): Illuminate\\Foundation\\Http\\Kernel->handle()
#78 /home/shn/workspace/hideiyh-new/vendor/laravel/framework/src/Illuminate/Foundation/resources/server.php(16): require_once('...')
#79 {main}
"} 
[2025-10-17 05:28:22] local.ERROR: Class "Filament\Notifications\NotificationsPlugin" not found {"exception":"[object] (Error(code: 0): Class \"Filament\\Notifications\\NotificationsPlugin\" not found at /home/shn/workspace/hideiyh-new/app/Providers/Filament/AdminPanelProvider.php:62)
[stacktrace]
#0 /home/shn/workspace/hideiyh-new/vendor/filament/filament/src/PanelProvider.php(15): App\\Providers\\Filament\\AdminPanelProvider->panel()
#1 /home/shn/workspace/hideiyh-new/vendor/laravel/framework/src/Illuminate/Collections/helpers.php(224): Filament\\PanelProvider->Filament\\{closure}()
#2 /home/shn/workspace/hideiyh-new/vendor/filament/filament/src/Facades/Filament.php(140): value()
#3 /home/shn/workspace/hideiyh-new/vendor/laravel/framework/src/Illuminate/Container/Container.php(1302): Filament\\Facades\\Filament::Filament\\Facades\\{closure}()
#4 /home/shn/workspace/hideiyh-new/vendor/laravel/framework/src/Illuminate/Container/Container.php(1248): Illuminate\\Container\\Container->fireCallbackArray()
#5 /home/shn/workspace/hideiyh-new/vendor/laravel/framework/src/Illuminate/Container/Container.php(813): Illuminate\\Container\\Container->fireResolvingCallbacks()
#6 /home/shn/workspace/hideiyh-new/vendor/laravel/framework/src/Illuminate/Foundation/Application.php(986): Illuminate\\Container\\Container->resolve()
#7 /home/shn/workspace/hideiyh-new/vendor/laravel/framework/src/Illuminate/Container/Container.php(731): Illuminate\\Foundation\\Application->resolve()
#8 /home/shn/workspace/hideiyh-new/vendor/laravel/framework/src/Illuminate/Foundation/Application.php(971): Illuminate\\Container\\Container->make()
#9 /home/shn/workspace/hideiyh-new/vendor/laravel/framework/src/Illuminate/Foundation/helpers.php(120): Illuminate\\Foundation\\Application->make()
#10 /home/shn/workspace/hideiyh-new/vendor/filament/filament/src/FilamentManager.php(51): app()
#11 /home/shn/workspace/hideiyh-new/vendor/filament/filament/src/FilamentServiceProvider.php(48): Filament\\FilamentManager->__construct()
#12 /home/shn/workspace/hideiyh-new/vendor/laravel/framework/src/Illuminate/Container/Container.php(908): Filament\\FilamentServiceProvider->Filament\\{closure}()
#13 /home/shn/workspace/hideiyh-new/vendor/laravel/framework/src/Illuminate/Container/Container.php(795): Illuminate\\Container\\Container->build()
#14 /home/shn/workspace/hideiyh-new/vendor/laravel/framework/src/Illuminate/Foundation/Application.php(986): Illuminate\\Container\\Container->resolve()
#15 /home/shn/workspace/hideiyh-new/vendor/laravel/framework/src/Illuminate/Container/Container.php(731): Illuminate\\Foundation\\Application->resolve()
#16 /home/shn/workspace/hideiyh-new/vendor/laravel/framework/src/Illuminate/Foundation/Application.php(971): Illuminate\\Container\\Container->make()
#17 /home/shn/workspace/hideiyh-new/vendor/laravel/framework/src/Illuminate/Container/Container.php(1454): Illuminate\\Foundation\\Application->make()
#18 /home/shn/workspace/hideiyh-new/vendor/laravel/framework/src/Illuminate/Support/Facades/Facade.php(237): Illuminate\\Container\\Container->offsetGet()
#19 /home/shn/workspace/hideiyh-new/vendor/laravel/framework/src/Illuminate/Support/Facades/Facade.php(208): Illuminate\\Support\\Facades\\Facade::resolveFacadeInstance()
#20 /home/shn/workspace/hideiyh-new/vendor/laravel/framework/src/Illuminate/Support/Facades/Facade.php(349): Illuminate\\Support\\Facades\\Facade::getFacadeRoot()
#21 /home/shn/workspace/hideiyh-new/vendor/filament/filament/routes/web.php(13): Illuminate\\Support\\Facades\\Facade::__callStatic()
#22 /home/shn/workspace/hideiyh-new/vendor/laravel/framework/src/Illuminate/Routing/Router.php(509): Illuminate\\Support\\ServiceProvider->{closure}()
#23 /home/shn/workspace/hideiyh-new/vendor/laravel/framework/src/Illuminate/Routing/Router.php(465): Illuminate\\Routing\\Router->loadRoutes()
#24 /home/shn/workspace/hideiyh-new/vendor/laravel/framework/src/Illuminate/Routing/RouteRegistrar.php(194): Illuminate\\Routing\\Router->group()
#25 /home/shn/workspace/hideiyh-new/vendor/filament/filament/routes/web.php(12): Illuminate\\Routing\\RouteRegistrar->group()
#26 /home/shn/workspace/hideiyh-new/vendor/laravel/framework/src/Illuminate/Support/ServiceProvider.php(152): require('...')
#27 /home/shn/workspace/hideiyh-new/vendor/spatie/laravel-package-tools/src/Concerns/PackageServiceProvider/ProcessRoutes.php(14): Illuminate\\Support\\ServiceProvider->loadRoutesFrom()
#28 /home/shn/workspace/hideiyh-new/vendor/spatie/laravel-package-tools/src/PackageServiceProvider.php(85): Spatie\\LaravelPackageTools\\PackageServiceProvider->bootPackageRoutes()
#29 /home/shn/workspace/hideiyh-new/vendor/laravel/framework/src/Illuminate/Container/BoundMethod.php(36): Spatie\\LaravelPackageTools\\PackageServiceProvider->boot()
#30 /home/shn/workspace/hideiyh-new/vendor/laravel/framework/src/Illuminate/Container/Util.php(41): Illuminate\\Container\\BoundMethod::Illuminate\\Container\\{closure}()
#31 /home/shn/workspace/hideiyh-new/vendor/laravel/framework/src/Illuminate/Container/BoundMethod.php(93): Illuminate\\Container\\Util::unwrapIfClosure()
#32 /home/shn/workspace/hideiyh-new/vendor/laravel/framework/src/Illuminate/Container/BoundMethod.php(35): Illuminate\\Container\\BoundMethod::callBoundMethod()
#33 /home/shn/workspace/hideiyh-new/vendor/laravel/framework/src/Illuminate/Container/Container.php(662): Illuminate\\Container\\BoundMethod::call()
#34 /home/shn/workspace/hideiyh-new/vendor/laravel/framework/src/Illuminate/Foundation/Application.php(1059): Illuminate\\Container\\Container->call()
#35 /home/shn/workspace/hideiyh-new/vendor/laravel/framework/src/Illuminate/Foundation/Application.php(1040): Illuminate\\Foundation\\Application->bootProvider()
#36 [internal function]: Illuminate\\Foundation\\Application->Illuminate\\Foundation\\{closure}()
#37 /home/shn/workspace/hideiyh-new/vendor/laravel/framework/src/Illuminate/Foundation/Application.php(1039): array_walk()
#38 /home/shn/workspace/hideiyh-new/vendor/laravel/framework/src/Illuminate/Foundation/Bootstrap/BootProviders.php(17): Illuminate\\Foundation\\Application->boot()
#39 /home/shn/workspace/hideiyh-new/vendor/laravel/framework/src/Illuminate/Foundation/Application.php(286): Illuminate\\Foundation\\Bootstrap\\BootProviders->bootstrap()
#40 /home/shn/workspace/hideiyh-new/vendor/laravel/framework/src/Illuminate/Foundation/Http/Kernel.php(186): Illuminate\\Foundation\\Application->bootstrapWith()
#41 /home/shn/workspace/hideiyh-new/vendor/laravel/framework/src/Illuminate/Foundation/Http/Kernel.php(170): Illuminate\\Foundation\\Http\\Kernel->bootstrap()
#42 /home/shn/workspace/hideiyh-new/vendor/laravel/framework/src/Illuminate/Foundation/Http/Kernel.php(144): Illuminate\\Foundation\\Http\\Kernel->sendRequestThroughRouter()
#43 /home/shn/workspace/hideiyh-new/public/index.php(51): Illuminate\\Foundation\\Http\\Kernel->handle()
#44 /home/shn/workspace/hideiyh-new/vendor/laravel/framework/src/Illuminate/Foundation/resources/server.php(16): require_once('...')
#45 {main}
"} 
[2025-10-17 05:28:22] local.ERROR: Class "Filament\Notifications\NotificationsPlugin" not found {"exception":"[object] (Error(code: 0): Class \"Filament\\Notifications\\NotificationsPlugin\" not found at /home/shn/workspace/hideiyh-new/app/Providers/Filament/AdminPanelProvider.php:62)
[stacktrace]
#0 /home/shn/workspace/hideiyh-new/vendor/filament/filament/src/PanelProvider.php(15): App\\Providers\\Filament\\AdminPanelProvider->panel()
#1 /home/shn/workspace/hideiyh-new/vendor/laravel/framework/src/Illuminate/Collections/helpers.php(224): Filament\\PanelProvider->Filament\\{closure}()
#2 /home/shn/workspace/hideiyh-new/vendor/filament/filament/src/Facades/Filament.php(140): value()
#3 /home/shn/workspace/hideiyh-new/vendor/laravel/framework/src/Illuminate/Container/Container.php(1302): Filament\\Facades\\Filament::Filament\\Facades\\{closure}()
#4 /home/shn/workspace/hideiyh-new/vendor/laravel/framework/src/Illuminate/Container/Container.php(1248): Illuminate\\Container\\Container->fireCallbackArray()
#5 /home/shn/workspace/hideiyh-new/vendor/laravel/framework/src/Illuminate/Container/Container.php(813): Illuminate\\Container\\Container->fireResolvingCallbacks()
#6 /home/shn/workspace/hideiyh-new/vendor/laravel/framework/src/Illuminate/Foundation/Application.php(986): Illuminate\\Container\\Container->resolve()
#7 /home/shn/workspace/hideiyh-new/vendor/laravel/framework/src/Illuminate/Container/Container.php(731): Illuminate\\Foundation\\Application->resolve()
#8 /home/shn/workspace/hideiyh-new/vendor/laravel/framework/src/Illuminate/Foundation/Application.php(971): Illuminate\\Container\\Container->make()
#9 /home/shn/workspace/hideiyh-new/vendor/laravel/framework/src/Illuminate/Foundation/helpers.php(120): Illuminate\\Foundation\\Application->make()
#10 /home/shn/workspace/hideiyh-new/vendor/filament/filament/src/FilamentManager.php(51): app()
#11 /home/shn/workspace/hideiyh-new/vendor/filament/filament/src/FilamentServiceProvider.php(48): Filament\\FilamentManager->__construct()
#12 /home/shn/workspace/hideiyh-new/vendor/laravel/framework/src/Illuminate/Container/Container.php(908): Filament\\FilamentServiceProvider->Filament\\{closure}()
#13 /home/shn/workspace/hideiyh-new/vendor/laravel/framework/src/Illuminate/Container/Container.php(795): Illuminate\\Container\\Container->build()
#14 /home/shn/workspace/hideiyh-new/vendor/laravel/framework/src/Illuminate/Foundation/Application.php(986): Illuminate\\Container\\Container->resolve()
#15 /home/shn/workspace/hideiyh-new/vendor/laravel/framework/src/Illuminate/Container/Container.php(731): Illuminate\\Foundation\\Application->resolve()
#16 /home/shn/workspace/hideiyh-new/vendor/laravel/framework/src/Illuminate/Foundation/Application.php(971): Illuminate\\Container\\Container->make()
#17 /home/shn/workspace/hideiyh-new/vendor/laravel/framework/src/Illuminate/Container/Container.php(1454): Illuminate\\Foundation\\Application->make()
#18 /home/shn/workspace/hideiyh-new/vendor/laravel/framework/src/Illuminate/Support/Facades/Facade.php(237): Illuminate\\Container\\Container->offsetGet()
#19 /home/shn/workspace/hideiyh-new/vendor/laravel/framework/src/Illuminate/Support/Facades/Facade.php(208): Illuminate\\Support\\Facades\\Facade::resolveFacadeInstance()
#20 /home/shn/workspace/hideiyh-new/vendor/laravel/framework/src/Illuminate/Support/Facades/Facade.php(349): Illuminate\\Support\\Facades\\Facade::getFacadeRoot()
#21 /home/shn/workspace/hideiyh-new/vendor/filament/filament/routes/web.php(13): Illuminate\\Support\\Facades\\Facade::__callStatic()
#22 /home/shn/workspace/hideiyh-new/vendor/laravel/framework/src/Illuminate/Routing/Router.php(509): Illuminate\\Support\\ServiceProvider->{closure}()
#23 /home/shn/workspace/hideiyh-new/vendor/laravel/framework/src/Illuminate/Routing/Router.php(465): Illuminate\\Routing\\Router->loadRoutes()
#24 /home/shn/workspace/hideiyh-new/vendor/laravel/framework/src/Illuminate/Routing/RouteRegistrar.php(194): Illuminate\\Routing\\Router->group()
#25 /home/shn/workspace/hideiyh-new/vendor/filament/filament/routes/web.php(12): Illuminate\\Routing\\RouteRegistrar->group()
#26 /home/shn/workspace/hideiyh-new/vendor/laravel/framework/src/Illuminate/Support/ServiceProvider.php(152): require('...')
#27 /home/shn/workspace/hideiyh-new/vendor/spatie/laravel-package-tools/src/Concerns/PackageServiceProvider/ProcessRoutes.php(14): Illuminate\\Support\\ServiceProvider->loadRoutesFrom()
#28 /home/shn/workspace/hideiyh-new/vendor/spatie/laravel-package-tools/src/PackageServiceProvider.php(85): Spatie\\LaravelPackageTools\\PackageServiceProvider->bootPackageRoutes()
#29 /home/shn/workspace/hideiyh-new/vendor/laravel/framework/src/Illuminate/Container/BoundMethod.php(36): Spatie\\LaravelPackageTools\\PackageServiceProvider->boot()
#30 /home/shn/workspace/hideiyh-new/vendor/laravel/framework/src/Illuminate/Container/Util.php(41): Illuminate\\Container\\BoundMethod::Illuminate\\Container\\{closure}()
#31 /home/shn/workspace/hideiyh-new/vendor/laravel/framework/src/Illuminate/Container/BoundMethod.php(93): Illuminate\\Container\\Util::unwrapIfClosure()
#32 /home/shn/workspace/hideiyh-new/vendor/laravel/framework/src/Illuminate/Container/BoundMethod.php(35): Illuminate\\Container\\BoundMethod::callBoundMethod()
#33 /home/shn/workspace/hideiyh-new/vendor/laravel/framework/src/Illuminate/Container/Container.php(662): Illuminate\\Container\\BoundMethod::call()
#34 /home/shn/workspace/hideiyh-new/vendor/laravel/framework/src/Illuminate/Foundation/Application.php(1059): Illuminate\\Container\\Container->call()
#35 /home/shn/workspace/hideiyh-new/vendor/laravel/framework/src/Illuminate/Foundation/Application.php(1040): Illuminate\\Foundation\\Application->bootProvider()
#36 [internal function]: Illuminate\\Foundation\\Application->Illuminate\\Foundation\\{closure}()
#37 /home/shn/workspace/hideiyh-new/vendor/laravel/framework/src/Illuminate/Foundation/Application.php(1039): array_walk()
#38 /home/shn/workspace/hideiyh-new/vendor/laravel/framework/src/Illuminate/Foundation/Bootstrap/BootProviders.php(17): Illuminate\\Foundation\\Application->boot()
#39 /home/shn/workspace/hideiyh-new/vendor/laravel/framework/src/Illuminate/Foundation/Application.php(286): Illuminate\\Foundation\\Bootstrap\\BootProviders->bootstrap()
#40 /home/shn/workspace/hideiyh-new/vendor/laravel/framework/src/Illuminate/Foundation/Http/Kernel.php(186): Illuminate\\Foundation\\Application->bootstrapWith()
#41 /home/shn/workspace/hideiyh-new/vendor/laravel/framework/src/Illuminate/Foundation/Http/Kernel.php(170): Illuminate\\Foundation\\Http\\Kernel->bootstrap()
#42 /home/shn/workspace/hideiyh-new/vendor/laravel/framework/src/Illuminate/Foundation/Http/Kernel.php(144): Illuminate\\Foundation\\Http\\Kernel->sendRequestThroughRouter()
#43 /home/shn/workspace/hideiyh-new/public/index.php(51): Illuminate\\Foundation\\Http\\Kernel->handle()
#44 /home/shn/workspace/hideiyh-new/vendor/laravel/framework/src/Illuminate/Foundation/resources/server.php(16): require_once('...')
#45 {main}
"} 
[2025-10-17 05:28:22] local.ERROR: Class "Filament\Notifications\NotificationsPlugin" not found {"exception":"[object] (Error(code: 0): Class \"Filament\\Notifications\\NotificationsPlugin\" not found at /home/shn/workspace/hideiyh-new/app/Providers/Filament/AdminPanelProvider.php:62)
[stacktrace]
#0 /home/shn/workspace/hideiyh-new/vendor/filament/filament/src/PanelProvider.php(15): App\\Providers\\Filament\\AdminPanelProvider->panel()
#1 /home/shn/workspace/hideiyh-new/vendor/laravel/framework/src/Illuminate/Collections/helpers.php(224): Filament\\PanelProvider->Filament\\{closure}()
#2 /home/shn/workspace/hideiyh-new/vendor/filament/filament/src/Facades/Filament.php(140): value()
#3 /home/shn/workspace/hideiyh-new/vendor/laravel/framework/src/Illuminate/Container/Container.php(1302): Filament\\Facades\\Filament::Filament\\Facades\\{closure}()
#4 /home/shn/workspace/hideiyh-new/vendor/laravel/framework/src/Illuminate/Container/Container.php(1248): Illuminate\\Container\\Container->fireCallbackArray()
#5 /home/shn/workspace/hideiyh-new/vendor/laravel/framework/src/Illuminate/Container/Container.php(813): Illuminate\\Container\\Container->fireResolvingCallbacks()
#6 /home/shn/workspace/hideiyh-new/vendor/laravel/framework/src/Illuminate/Foundation/Application.php(986): Illuminate\\Container\\Container->resolve()
#7 /home/shn/workspace/hideiyh-new/vendor/laravel/framework/src/Illuminate/Container/Container.php(731): Illuminate\\Foundation\\Application->resolve()
#8 /home/shn/workspace/hideiyh-new/vendor/laravel/framework/src/Illuminate/Foundation/Application.php(971): Illuminate\\Container\\Container->make()
#9 /home/shn/workspace/hideiyh-new/vendor/laravel/framework/src/Illuminate/Foundation/helpers.php(120): Illuminate\\Foundation\\Application->make()
#10 /home/shn/workspace/hideiyh-new/vendor/filament/filament/src/FilamentManager.php(51): app()
#11 /home/shn/workspace/hideiyh-new/vendor/filament/filament/src/FilamentServiceProvider.php(48): Filament\\FilamentManager->__construct()
#12 /home/shn/workspace/hideiyh-new/vendor/laravel/framework/src/Illuminate/Container/Container.php(908): Filament\\FilamentServiceProvider->Filament\\{closure}()
#13 /home/shn/workspace/hideiyh-new/vendor/laravel/framework/src/Illuminate/Container/Container.php(795): Illuminate\\Container\\Container->build()
#14 /home/shn/workspace/hideiyh-new/vendor/laravel/framework/src/Illuminate/Foundation/Application.php(986): Illuminate\\Container\\Container->resolve()
#15 /home/shn/workspace/hideiyh-new/vendor/laravel/framework/src/Illuminate/Container/Container.php(731): Illuminate\\Foundation\\Application->resolve()
#16 /home/shn/workspace/hideiyh-new/vendor/laravel/framework/src/Illuminate/Foundation/Application.php(971): Illuminate\\Container\\Container->make()
#17 /home/shn/workspace/hideiyh-new/vendor/laravel/framework/src/Illuminate/Container/Container.php(1454): Illuminate\\Foundation\\Application->make()
#18 /home/shn/workspace/hideiyh-new/vendor/laravel/framework/src/Illuminate/Support/Facades/Facade.php(237): Illuminate\\Container\\Container->offsetGet()
#19 /home/shn/workspace/hideiyh-new/vendor/laravel/framework/src/Illuminate/Support/Facades/Facade.php(208): Illuminate\\Support\\Facades\\Facade::resolveFacadeInstance()
#20 /home/shn/workspace/hideiyh-new/vendor/laravel/framework/src/Illuminate/Support/Facades/Facade.php(349): Illuminate\\Support\\Facades\\Facade::getFacadeRoot()
#21 /home/shn/workspace/hideiyh-new/vendor/filament/filament/routes/web.php(13): Illuminate\\Support\\Facades\\Facade::__callStatic()
#22 /home/shn/workspace/hideiyh-new/vendor/laravel/framework/src/Illuminate/Routing/Router.php(509): Illuminate\\Support\\ServiceProvider->{closure}()
#23 /home/shn/workspace/hideiyh-new/vendor/laravel/framework/src/Illuminate/Routing/Router.php(465): Illuminate\\Routing\\Router->loadRoutes()
#24 /home/shn/workspace/hideiyh-new/vendor/laravel/framework/src/Illuminate/Routing/RouteRegistrar.php(194): Illuminate\\Routing\\Router->group()
#25 /home/shn/workspace/hideiyh-new/vendor/filament/filament/routes/web.php(12): Illuminate\\Routing\\RouteRegistrar->group()
#26 /home/shn/workspace/hideiyh-new/vendor/laravel/framework/src/Illuminate/Support/ServiceProvider.php(152): require('...')
#27 /home/shn/workspace/hideiyh-new/vendor/spatie/laravel-package-tools/src/Concerns/PackageServiceProvider/ProcessRoutes.php(14): Illuminate\\Support\\ServiceProvider->loadRoutesFrom()
#28 /home/shn/workspace/hideiyh-new/vendor/spatie/laravel-package-tools/src/PackageServiceProvider.php(85): Spatie\\LaravelPackageTools\\PackageServiceProvider->bootPackageRoutes()
#29 /home/shn/workspace/hideiyh-new/vendor/laravel/framework/src/Illuminate/Container/BoundMethod.php(36): Spatie\\LaravelPackageTools\\PackageServiceProvider->boot()
#30 /home/shn/workspace/hideiyh-new/vendor/laravel/framework/src/Illuminate/Container/Util.php(41): Illuminate\\Container\\BoundMethod::Illuminate\\Container\\{closure}()
#31 /home/shn/workspace/hideiyh-new/vendor/laravel/framework/src/Illuminate/Container/BoundMethod.php(93): Illuminate\\Container\\Util::unwrapIfClosure()
#32 /home/shn/workspace/hideiyh-new/vendor/laravel/framework/src/Illuminate/Container/BoundMethod.php(35): Illuminate\\Container\\BoundMethod::callBoundMethod()
#33 /home/shn/workspace/hideiyh-new/vendor/laravel/framework/src/Illuminate/Container/Container.php(662): Illuminate\\Container\\BoundMethod::call()
#34 /home/shn/workspace/hideiyh-new/vendor/laravel/framework/src/Illuminate/Foundation/Application.php(1059): Illuminate\\Container\\Container->call()
#35 /home/shn/workspace/hideiyh-new/vendor/laravel/framework/src/Illuminate/Foundation/Application.php(1040): Illuminate\\Foundation\\Application->bootProvider()
#36 [internal function]: Illuminate\\Foundation\\Application->Illuminate\\Foundation\\{closure}()
#37 /home/shn/workspace/hideiyh-new/vendor/laravel/framework/src/Illuminate/Foundation/Application.php(1039): array_walk()
#38 /home/shn/workspace/hideiyh-new/vendor/laravel/framework/src/Illuminate/Foundation/Bootstrap/BootProviders.php(17): Illuminate\\Foundation\\Application->boot()
#39 /home/shn/workspace/hideiyh-new/vendor/laravel/framework/src/Illuminate/Foundation/Application.php(286): Illuminate\\Foundation\\Bootstrap\\BootProviders->bootstrap()
#40 /home/shn/workspace/hideiyh-new/vendor/laravel/framework/src/Illuminate/Foundation/Http/Kernel.php(186): Illuminate\\Foundation\\Application->bootstrapWith()
#41 /home/shn/workspace/hideiyh-new/vendor/laravel/framework/src/Illuminate/Foundation/Http/Kernel.php(170): Illuminate\\Foundation\\Http\\Kernel->bootstrap()
#42 /home/shn/workspace/hideiyh-new/vendor/laravel/framework/src/Illuminate/Foundation/Http/Kernel.php(144): Illuminate\\Foundation\\Http\\Kernel->sendRequestThroughRouter()
#43 /home/shn/workspace/hideiyh-new/public/index.php(51): Illuminate\\Foundation\\Http\\Kernel->handle()
#44 /home/shn/workspace/hideiyh-new/vendor/laravel/framework/src/Illuminate/Foundation/resources/server.php(16): require_once('...')
#45 {main}
"} 
[2025-10-17 05:32:32] local.ERROR: Class "Filament\Notifications\NotificationsPlugin" not found {"exception":"[object] (Error(code: 0): Class \"Filament\\Notifications\\NotificationsPlugin\" not found at /home/shn/workspace/hideiyh-new/app/Providers/Filament/AdminPanelProvider.php:64)
[stacktrace]
#0 /home/shn/workspace/hideiyh-new/vendor/filament/filament/src/PanelProvider.php(15): App\\Providers\\Filament\\AdminPanelProvider->panel()
#1 /home/shn/workspace/hideiyh-new/vendor/laravel/framework/src/Illuminate/Collections/helpers.php(224): Filament\\PanelProvider->Filament\\{closure}()
#2 /home/shn/workspace/hideiyh-new/vendor/filament/filament/src/Facades/Filament.php(140): value()
#3 /home/shn/workspace/hideiyh-new/vendor/laravel/framework/src/Illuminate/Container/Container.php(1302): Filament\\Facades\\Filament::Filament\\Facades\\{closure}()
#4 /home/shn/workspace/hideiyh-new/vendor/laravel/framework/src/Illuminate/Container/Container.php(1248): Illuminate\\Container\\Container->fireCallbackArray()
#5 /home/shn/workspace/hideiyh-new/vendor/laravel/framework/src/Illuminate/Container/Container.php(813): Illuminate\\Container\\Container->fireResolvingCallbacks()
#6 /home/shn/workspace/hideiyh-new/vendor/laravel/framework/src/Illuminate/Foundation/Application.php(986): Illuminate\\Container\\Container->resolve()
#7 /home/shn/workspace/hideiyh-new/vendor/laravel/framework/src/Illuminate/Container/Container.php(731): Illuminate\\Foundation\\Application->resolve()
#8 /home/shn/workspace/hideiyh-new/vendor/laravel/framework/src/Illuminate/Foundation/Application.php(971): Illuminate\\Container\\Container->make()
#9 /home/shn/workspace/hideiyh-new/vendor/laravel/framework/src/Illuminate/Foundation/helpers.php(120): Illuminate\\Foundation\\Application->make()
#10 /home/shn/workspace/hideiyh-new/vendor/filament/filament/src/FilamentManager.php(51): app()
#11 /home/shn/workspace/hideiyh-new/vendor/filament/filament/src/FilamentServiceProvider.php(48): Filament\\FilamentManager->__construct()
#12 /home/shn/workspace/hideiyh-new/vendor/laravel/framework/src/Illuminate/Container/Container.php(908): Filament\\FilamentServiceProvider->Filament\\{closure}()
#13 /home/shn/workspace/hideiyh-new/vendor/laravel/framework/src/Illuminate/Container/Container.php(795): Illuminate\\Container\\Container->build()
#14 /home/shn/workspace/hideiyh-new/vendor/laravel/framework/src/Illuminate/Foundation/Application.php(986): Illuminate\\Container\\Container->resolve()
#15 /home/shn/workspace/hideiyh-new/vendor/laravel/framework/src/Illuminate/Container/Container.php(731): Illuminate\\Foundation\\Application->resolve()
#16 /home/shn/workspace/hideiyh-new/vendor/laravel/framework/src/Illuminate/Foundation/Application.php(971): Illuminate\\Container\\Container->make()
#17 /home/shn/workspace/hideiyh-new/vendor/laravel/framework/src/Illuminate/Container/Container.php(1454): Illuminate\\Foundation\\Application->make()
#18 /home/shn/workspace/hideiyh-new/vendor/laravel/framework/src/Illuminate/Support/Facades/Facade.php(237): Illuminate\\Container\\Container->offsetGet()
#19 /home/shn/workspace/hideiyh-new/vendor/laravel/framework/src/Illuminate/Support/Facades/Facade.php(208): Illuminate\\Support\\Facades\\Facade::resolveFacadeInstance()
#20 /home/shn/workspace/hideiyh-new/vendor/laravel/framework/src/Illuminate/Support/Facades/Facade.php(349): Illuminate\\Support\\Facades\\Facade::getFacadeRoot()
#21 /home/shn/workspace/hideiyh-new/vendor/filament/filament/routes/web.php(13): Illuminate\\Support\\Facades\\Facade::__callStatic()
#22 /home/shn/workspace/hideiyh-new/vendor/laravel/framework/src/Illuminate/Routing/Router.php(509): Illuminate\\Support\\ServiceProvider->{closure}()
#23 /home/shn/workspace/hideiyh-new/vendor/laravel/framework/src/Illuminate/Routing/Router.php(465): Illuminate\\Routing\\Router->loadRoutes()
#24 /home/shn/workspace/hideiyh-new/vendor/laravel/framework/src/Illuminate/Routing/RouteRegistrar.php(194): Illuminate\\Routing\\Router->group()
#25 /home/shn/workspace/hideiyh-new/vendor/filament/filament/routes/web.php(12): Illuminate\\Routing\\RouteRegistrar->group()
#26 /home/shn/workspace/hideiyh-new/vendor/laravel/framework/src/Illuminate/Support/ServiceProvider.php(152): require('...')
#27 /home/shn/workspace/hideiyh-new/vendor/spatie/laravel-package-tools/src/Concerns/PackageServiceProvider/ProcessRoutes.php(14): Illuminate\\Support\\ServiceProvider->loadRoutesFrom()
#28 /home/shn/workspace/hideiyh-new/vendor/spatie/laravel-package-tools/src/PackageServiceProvider.php(85): Spatie\\LaravelPackageTools\\PackageServiceProvider->bootPackageRoutes()
#29 /home/shn/workspace/hideiyh-new/vendor/laravel/framework/src/Illuminate/Container/BoundMethod.php(36): Spatie\\LaravelPackageTools\\PackageServiceProvider->boot()
#30 /home/shn/workspace/hideiyh-new/vendor/laravel/framework/src/Illuminate/Container/Util.php(41): Illuminate\\Container\\BoundMethod::Illuminate\\Container\\{closure}()
#31 /home/shn/workspace/hideiyh-new/vendor/laravel/framework/src/Illuminate/Container/BoundMethod.php(93): Illuminate\\Container\\Util::unwrapIfClosure()
#32 /home/shn/workspace/hideiyh-new/vendor/laravel/framework/src/Illuminate/Container/BoundMethod.php(35): Illuminate\\Container\\BoundMethod::callBoundMethod()
#33 /home/shn/workspace/hideiyh-new/vendor/laravel/framework/src/Illuminate/Container/Container.php(662): Illuminate\\Container\\BoundMethod::call()
#34 /home/shn/workspace/hideiyh-new/vendor/laravel/framework/src/Illuminate/Foundation/Application.php(1059): Illuminate\\Container\\Container->call()
#35 /home/shn/workspace/hideiyh-new/vendor/laravel/framework/src/Illuminate/Foundation/Application.php(1040): Illuminate\\Foundation\\Application->bootProvider()
#36 [internal function]: Illuminate\\Foundation\\Application->Illuminate\\Foundation\\{closure}()
#37 /home/shn/workspace/hideiyh-new/vendor/laravel/framework/src/Illuminate/Foundation/Application.php(1039): array_walk()
#38 /home/shn/workspace/hideiyh-new/vendor/laravel/framework/src/Illuminate/Foundation/Bootstrap/BootProviders.php(17): Illuminate\\Foundation\\Application->boot()
#39 /home/shn/workspace/hideiyh-new/vendor/laravel/framework/src/Illuminate/Foundation/Application.php(286): Illuminate\\Foundation\\Bootstrap\\BootProviders->bootstrap()
#40 /home/shn/workspace/hideiyh-new/vendor/laravel/framework/src/Illuminate/Foundation/Http/Kernel.php(186): Illuminate\\Foundation\\Application->bootstrapWith()
#41 /home/shn/workspace/hideiyh-new/vendor/laravel/framework/src/Illuminate/Foundation/Http/Kernel.php(170): Illuminate\\Foundation\\Http\\Kernel->bootstrap()
#42 /home/shn/workspace/hideiyh-new/vendor/laravel/framework/src/Illuminate/Foundation/Http/Kernel.php(144): Illuminate\\Foundation\\Http\\Kernel->sendRequestThroughRouter()
#43 /home/shn/workspace/hideiyh-new/public/index.php(51): Illuminate\\Foundation\\Http\\Kernel->handle()
#44 /home/shn/workspace/hideiyh-new/vendor/laravel/framework/src/Illuminate/Foundation/resources/server.php(16): require_once('...')
#45 {main}
"} 
[2025-10-17 05:33:03] local.INFO: Notifikasi 'SubscriptionEndingSoon' telah dibuat untuk user ID: 4  
[2025-10-17 05:33:10] local.INFO: Notifikasi 'SubscriptionEndingSoon' telah dibuat untuk user ID: 4  
[2025-10-17 05:33:34] local.INFO: Notifikasi 'SubscriptionEndingSoon' telah dibuat untuk user ID: 1  
[2025-10-17 05:33:34] local.INFO: Notifikasi 'SubscriptionEndingSoon' telah dibuat untuk user ID: 4  
[2025-10-17 05:34:10] local.INFO: Notifikasi 'SubscriptionEndingSoon' telah dibuat untuk user ID: 1  
[2025-10-17 05:34:10] local.INFO: Notifikasi 'SubscriptionEndingSoon' telah dibuat untuk user ID: 4  
[2025-10-17 05:34:20] local.INFO: Pesan WhatsApp berhasil dikirim ke 6287857580910. {"response":"{\"status\":200,\"message\":\"WhatsApp chat has been queued for sending!\",\"data\":{\"messageId\":\"47167\"}}"} 
[2025-10-17 05:34:21] local.INFO: Pesan WhatsApp berhasil dikirim ke 6287857580910. {"response":"{\"status\":200,\"message\":\"WhatsApp chat has been queued for sending!\",\"data\":{\"messageId\":\"47168\"}}"} 
[2025-10-17 05:34:22] local.INFO: Pesan WhatsApp berhasil dikirim ke 6287857580910. {"response":"{\"status\":200,\"message\":\"WhatsApp chat has been queued for sending!\",\"data\":{\"messageId\":\"47169\"}}"} 
[2025-10-17 05:34:23] local.INFO: Pesan WhatsApp berhasil dikirim ke 6287857580910. {"response":"{\"status\":200,\"message\":\"WhatsApp chat has been queued for sending!\",\"data\":{\"messageId\":\"47170\"}}"} 
[2025-10-17 05:36:34] local.INFO: Notifikasi 'SubscriptionEndingSoon' telah dibuat untuk user ID: 1  
[2025-10-17 05:36:34] local.INFO: Notifikasi 'SubscriptionEndingSoon' telah dibuat untuk user ID: 4  
[2025-10-17 05:39:39] local.ERROR: syntax error, unexpected token ".", expecting "," or ";" {"exception":"[object] (ParseError(code: 0): syntax error, unexpected token \".\", expecting \",\" or \";\" at /home/shn/workspace/hideiyh-new/app/Notifications/SubscriptionEndingSoon.php:6)
[stacktrace]
#0 /home/shn/workspace/hideiyh-new/vendor/composer/ClassLoader.php(427): Composer\\Autoload\\{closure}()
#1 /home/shn/workspace/hideiyh-new/app/Console/Commands/SendSubscriptionEndingSoonNotifications.php(61): Composer\\Autoload\\ClassLoader->loadClass()
#2 /home/shn/workspace/hideiyh-new/vendor/laravel/framework/src/Illuminate/Container/BoundMethod.php(36): App\\Console\\Commands\\SendSubscriptionEndingSoonNotifications->handle()
#3 /home/shn/workspace/hideiyh-new/vendor/laravel/framework/src/Illuminate/Container/Util.php(41): Illuminate\\Container\\BoundMethod::Illuminate\\Container\\{closure}()
#4 /home/shn/workspace/hideiyh-new/vendor/laravel/framework/src/Illuminate/Container/BoundMethod.php(93): Illuminate\\Container\\Util::unwrapIfClosure()
#5 /home/shn/workspace/hideiyh-new/vendor/laravel/framework/src/Illuminate/Container/BoundMethod.php(35): Illuminate\\Container\\BoundMethod::callBoundMethod()
#6 /home/shn/workspace/hideiyh-new/vendor/laravel/framework/src/Illuminate/Container/Container.php(662): Illuminate\\Container\\BoundMethod::call()
#7 /home/shn/workspace/hideiyh-new/vendor/laravel/framework/src/Illuminate/Console/Command.php(211): Illuminate\\Container\\Container->call()
#8 /home/shn/workspace/hideiyh-new/vendor/symfony/console/Command/Command.php(326): Illuminate\\Console\\Command->execute()
#9 /home/shn/workspace/hideiyh-new/vendor/laravel/framework/src/Illuminate/Console/Command.php(180): Symfony\\Component\\Console\\Command\\Command->run()
#10 /home/shn/workspace/hideiyh-new/vendor/symfony/console/Application.php(1096): Illuminate\\Console\\Command->run()
#11 /home/shn/workspace/hideiyh-new/vendor/symfony/console/Application.php(324): Symfony\\Component\\Console\\Application->doRunCommand()
#12 /home/shn/workspace/hideiyh-new/vendor/symfony/console/Application.php(175): Symfony\\Component\\Console\\Application->doRun()
#13 /home/shn/workspace/hideiyh-new/vendor/laravel/framework/src/Illuminate/Foundation/Console/Kernel.php(201): Symfony\\Component\\Console\\Application->run()
#14 /home/shn/workspace/hideiyh-new/artisan(35): Illuminate\\Foundation\\Console\\Kernel->handle()
#15 {main}
"} 
[2025-10-17 05:40:10] local.INFO: Notifikasi 'SubscriptionEndingSoon' telah dibuat untuk user ID: 1  
[2025-10-17 05:40:10] local.INFO: Notifikasi 'SubscriptionEndingSoon' telah dibuat untuk user ID: 4  
[2025-10-17 05:44:34] local.INFO: Notifikasi 'SubscriptionEndingSoon' telah dibuat untuk user ID: 1  
[2025-10-17 05:44:34] local.INFO: Notifikasi 'SubscriptionEndingSoon' telah dibuat untuk user ID: 4  
[2025-10-17 05:45:15] local.INFO: Pesan WhatsApp berhasil dikirim ke 6287857580910. {"response":"{\"status\":200,\"message\":\"WhatsApp chat has been queued for sending!\",\"data\":{\"messageId\":\"47205\"}}"} 
[2025-10-17 06:15:48] local.INFO: Notifikasi 'SubscriptionEndingSoon' telah dibuat untuk user ID: 1  
[2025-10-17 06:15:48] local.INFO: Notifikasi 'SubscriptionEndingSoon' telah dibuat untuk user ID: 4  
[2025-10-17 06:17:24] local.INFO: Notifikasi 'SubscriptionEndingSoon' telah dibuat untuk user ID: 1  
[2025-10-17 06:17:24] local.INFO: Notifikasi 'SubscriptionEndingSoon' telah dibuat untuk user ID: 4  
[2025-10-17 06:17:33] local.INFO: Notifikasi 'SubscriptionEndingSoon' telah dibuat untuk user ID: 1  
[2025-10-17 06:17:33] local.INFO: Notifikasi 'SubscriptionEndingSoon' telah dibuat untuk user ID: 4  
[2025-10-17 06:19:48] local.ERROR: App\Services\WhatsAppService::sendMessage(): Argument #2 ($message) must be of type string, null given, called in /home/shn/workspace/hideiyh-new/app/Console/Commands/SendWhatsAppNotifications.php on line 50 {"exception":"[object] (TypeError(code: 0): App\\Services\\WhatsAppService::sendMessage(): Argument #2 ($message) must be of type string, null given, called in /home/shn/workspace/hideiyh-new/app/Console/Commands/SendWhatsAppNotifications.php on line 50 at /home/shn/workspace/hideiyh-new/app/Services/WhatsAppService.php:22)
[stacktrace]
#0 /home/shn/workspace/hideiyh-new/app/Console/Commands/SendWhatsAppNotifications.php(50): App\\Services\\WhatsAppService->sendMessage()
#1 /home/shn/workspace/hideiyh-new/vendor/laravel/framework/src/Illuminate/Container/BoundMethod.php(36): App\\Console\\Commands\\SendWhatsAppNotifications->handle()
#2 /home/shn/workspace/hideiyh-new/vendor/laravel/framework/src/Illuminate/Container/Util.php(41): Illuminate\\Container\\BoundMethod::Illuminate\\Container\\{closure}()
#3 /home/shn/workspace/hideiyh-new/vendor/laravel/framework/src/Illuminate/Container/BoundMethod.php(93): Illuminate\\Container\\Util::unwrapIfClosure()
#4 /home/shn/workspace/hideiyh-new/vendor/laravel/framework/src/Illuminate/Container/BoundMethod.php(35): Illuminate\\Container\\BoundMethod::callBoundMethod()
#5 /home/shn/workspace/hideiyh-new/vendor/laravel/framework/src/Illuminate/Container/Container.php(662): Illuminate\\Container\\BoundMethod::call()
#6 /home/shn/workspace/hideiyh-new/vendor/laravel/framework/src/Illuminate/Console/Command.php(211): Illuminate\\Container\\Container->call()
#7 /home/shn/workspace/hideiyh-new/vendor/symfony/console/Command/Command.php(326): Illuminate\\Console\\Command->execute()
#8 /home/shn/workspace/hideiyh-new/vendor/laravel/framework/src/Illuminate/Console/Command.php(180): Symfony\\Component\\Console\\Command\\Command->run()
#9 /home/shn/workspace/hideiyh-new/vendor/symfony/console/Application.php(1096): Illuminate\\Console\\Command->run()
#10 /home/shn/workspace/hideiyh-new/vendor/symfony/console/Application.php(324): Symfony\\Component\\Console\\Application->doRunCommand()
#11 /home/shn/workspace/hideiyh-new/vendor/symfony/console/Application.php(175): Symfony\\Component\\Console\\Application->doRun()
#12 /home/shn/workspace/hideiyh-new/vendor/laravel/framework/src/Illuminate/Foundation/Console/Kernel.php(201): Symfony\\Component\\Console\\Application->run()
#13 /home/shn/workspace/hideiyh-new/artisan(35): Illuminate\\Foundation\\Console\\Kernel->handle()
#14 {main}
"} 
[2025-10-17 06:20:27] local.INFO: Notifikasi 'SubscriptionEndingSoon' telah dibuat untuk user ID: 1  
[2025-10-17 06:20:27] local.INFO: Notifikasi 'SubscriptionEndingSoon' telah dibuat untuk user ID: 4  
[2025-10-17 06:21:39] local.INFO: Pesan WhatsApp berhasil dikirim ke 6287857580910. {"response":"{\"status\":200,\"message\":\"WhatsApp chat has been queued for sending!\",\"data\":{\"messageId\":\"47307\"}}"} 
[2025-10-17 06:21:39] local.ERROR: Undefined array key "message" {"exception":"[object] (ErrorException(code: 0): Undefined array key \"message\" at /home/shn/workspace/hideiyh-new/app/Console/Commands/SendWhatsAppNotifications.php:40)
[stacktrace]
#0 /home/shn/workspace/hideiyh-new/vendor/laravel/framework/src/Illuminate/Foundation/Bootstrap/HandleExceptions.php(255): Illuminate\\Foundation\\Bootstrap\\HandleExceptions->handleError()
#1 /home/shn/workspace/hideiyh-new/app/Console/Commands/SendWhatsAppNotifications.php(40): Illuminate\\Foundation\\Bootstrap\\HandleExceptions->Illuminate\\Foundation\\Bootstrap\\{closure}()
#2 /home/shn/workspace/hideiyh-new/vendor/laravel/framework/src/Illuminate/Container/BoundMethod.php(36): App\\Console\\Commands\\SendWhatsAppNotifications->handle()
#3 /home/shn/workspace/hideiyh-new/vendor/laravel/framework/src/Illuminate/Container/Util.php(41): Illuminate\\Container\\BoundMethod::Illuminate\\Container\\{closure}()
#4 /home/shn/workspace/hideiyh-new/vendor/laravel/framework/src/Illuminate/Container/BoundMethod.php(93): Illuminate\\Container\\Util::unwrapIfClosure()
#5 /home/shn/workspace/hideiyh-new/vendor/laravel/framework/src/Illuminate/Container/BoundMethod.php(35): Illuminate\\Container\\BoundMethod::callBoundMethod()
#6 /home/shn/workspace/hideiyh-new/vendor/laravel/framework/src/Illuminate/Container/Container.php(662): Illuminate\\Container\\BoundMethod::call()
#7 /home/shn/workspace/hideiyh-new/vendor/laravel/framework/src/Illuminate/Console/Command.php(211): Illuminate\\Container\\Container->call()
#8 /home/shn/workspace/hideiyh-new/vendor/symfony/console/Command/Command.php(326): Illuminate\\Console\\Command->execute()
#9 /home/shn/workspace/hideiyh-new/vendor/laravel/framework/src/Illuminate/Console/Command.php(180): Symfony\\Component\\Console\\Command\\Command->run()
#10 /home/shn/workspace/hideiyh-new/vendor/symfony/console/Application.php(1096): Illuminate\\Console\\Command->run()
#11 /home/shn/workspace/hideiyh-new/vendor/symfony/console/Application.php(324): Symfony\\Component\\Console\\Application->doRunCommand()
#12 /home/shn/workspace/hideiyh-new/vendor/symfony/console/Application.php(175): Symfony\\Component\\Console\\Application->doRun()
#13 /home/shn/workspace/hideiyh-new/vendor/laravel/framework/src/Illuminate/Foundation/Console/Kernel.php(201): Symfony\\Component\\Console\\Application->run()
#14 /home/shn/workspace/hideiyh-new/artisan(35): Illuminate\\Foundation\\Console\\Kernel->handle()
#15 {main}
"} 
[2025-10-17 06:21:58] local.INFO: Pesan WhatsApp berhasil dikirim ke 6287857580910. {"response":"{\"status\":200,\"message\":\"WhatsApp chat has been queued for sending!\",\"data\":{\"messageId\":\"47308\"}}"} 
[2025-10-17 06:26:50] local.INFO: Notifikasi 'SubscriptionEndingSoon' telah dibuat untuk user ID: 1  
